<?xml version="1.0" encoding="UTF-8"?>
<!-- Generated by org.testng.reporters.JUnitXMLReporter -->
<testsuite hostname="INAS-LP024" ignored="30" name="Default test(failed)" tests="22" failures="1" timestamp="2020-12-21T23:20:03 IST" time="411.231" errors="0">
  <testcase name="SET005" time="2.937" classname="com.vrt.testcases.test1"/>
  <testcase name="SET005" time="2.967" classname="com.vrt.testcases.test1"/>
  <testcase name="SET005" time="2.919" classname="com.vrt.testcases.test1"/>
  <testcase name="SET005" time="3.03" classname="com.vrt.testcases.test1"/>
  <testcase name="SET005" time="3.008" classname="com.vrt.testcases.test1"/>
  <testcase name="SET005" time="2.901" classname="com.vrt.testcases.test1"/>
  <testcase name="SET005" time="2.884" classname="com.vrt.testcases.test1"/>
  <testcase name="SET005" time="2.848" classname="com.vrt.testcases.test1"/>
  <testcase name="SET005" time="2.901" classname="com.vrt.testcases.test1"/>
  <testcase name="SET005" time="2.915" classname="com.vrt.testcases.test1"/>
  <testcase name="SET005" time="2.888" classname="com.vrt.testcases.test1"/>
  <testcase name="SET005" time="2.964" classname="com.vrt.testcases.test1"/>
  <testcase name="SET005" time="2.902" classname="com.vrt.testcases.test1"/>
  <testcase name="SET005" time="2.962" classname="com.vrt.testcases.test1"/>
  <testcase name="SET005" time="2.884" classname="com.vrt.testcases.test1"/>
  <testcase name="SET005" time="2.865" classname="com.vrt.testcases.test1"/>
  <testcase name="SET005" time="3.01" classname="com.vrt.testcases.test1"/>
  <testcase name="SET005" time="2.945" classname="com.vrt.testcases.test1"/>
  <testcase name="SET005" time="2.919" classname="com.vrt.testcases.test1"/>
  <testcase name="SET005" time="2.956" classname="com.vrt.testcases.test1"/>
  <testcase name="SET005" time="2.883" classname="com.vrt.testcases.test1"/>
  <testcase name="ESET005" time="6.207" classname="com.vrt.testcases.test1">
    <failure type="java.lang.AssertionError" message="The following asserts failed:
	FAIL: SET 017-Setup Name default data does not match with Current Date &amp;amp; Time stamp expected [true] but found [false]">
      <![CDATA[java.lang.AssertionError: The following asserts failed:
FAIL: SET 017-Setup Name default data does not match with Current Date & Time stamp expected [true] but found [false]
at com.vrt.testcases.test1.ESET005(test1.java:292)
at java.util.ArrayList.forEach(ArrayList.java:1257)
... Removed 29 stack frames]]>
    </failure>
  </testcase> <!-- ESET005 -->
  <testcase name="ESET001" time="0.0" classname="com.vrt.testcases.test1">
    <ignored/>
  </testcase> <!-- ESET001 -->
  <testcase name="ESET002" time="0.0" classname="com.vrt.testcases.test1">
    <ignored/>
  </testcase> <!-- ESET002 -->
  <testcase name="SET026A" time="0.0" classname="com.vrt.testcases.test1">
    <ignored/>
  </testcase> <!-- SET026A -->
  <testcase name="SET026B" time="0.0" classname="com.vrt.testcases.test1">
    <ignored/>
  </testcase> <!-- SET026B -->
  <testcase name="ESET003" time="0.0" classname="com.vrt.testcases.test1">
    <ignored/>
  </testcase> <!-- ESET003 -->
  <testcase name="ESET004" time="0.0" classname="com.vrt.testcases.test1">
    <ignored/>
  </testcase> <!-- ESET004 -->
  <testcase name="SET027a" time="0.0" classname="com.vrt.testcases.test1">
    <ignored/>
  </testcase> <!-- SET027a -->
  <testcase name="SET012" time="0.0" classname="com.vrt.testcases.test1">
    <ignored/>
  </testcase> <!-- SET012 -->
  <testcase name="SET013" time="0.0" classname="com.vrt.testcases.test1">
    <ignored/>
  </testcase> <!-- SET013 -->
  <testcase name="SET010" time="0.0" classname="com.vrt.testcases.test1">
    <ignored/>
  </testcase> <!-- SET010 -->
  <testcase name="SET011" time="0.0" classname="com.vrt.testcases.test1">
    <ignored/>
  </testcase> <!-- SET011 -->
  <testcase name="SET033" time="0.0" classname="com.vrt.testcases.test1">
    <ignored/>
  </testcase> <!-- SET033 -->
  <testcase name="SET030" time="0.0" classname="com.vrt.testcases.test1">
    <ignored/>
  </testcase> <!-- SET030 -->
  <testcase name="SET031" time="0.0" classname="com.vrt.testcases.test1">
    <ignored/>
  </testcase> <!-- SET031 -->
  <testcase name="SET019" time="0.0" classname="com.vrt.testcases.test1">
    <ignored/>
  </testcase> <!-- SET019 -->
  <testcase name="SET016" time="0.0" classname="com.vrt.testcases.test1">
    <ignored/>
  </testcase> <!-- SET016 -->
  <testcase name="SET017" time="0.0" classname="com.vrt.testcases.test1">
    <ignored/>
  </testcase> <!-- SET017 -->
  <testcase name="SET014" time="0.0" classname="com.vrt.testcases.test1">
    <ignored/>
  </testcase> <!-- SET014 -->
  <testcase name="SET015" time="0.0" classname="com.vrt.testcases.test1">
    <ignored/>
  </testcase> <!-- SET015 -->
  <testcase name="SET021" time="0.0" classname="com.vrt.testcases.test1">
    <ignored/>
  </testcase> <!-- SET021 -->
  <testcase name="SET022" time="0.0" classname="com.vrt.testcases.test1">
    <ignored/>
  </testcase> <!-- SET022 -->
  <testcase name="SET020" time="0.0" classname="com.vrt.testcases.test1">
    <ignored/>
  </testcase> <!-- SET020 -->
  <testcase name="SET009" time="0.0" classname="com.vrt.testcases.test1">
    <ignored/>
  </testcase> <!-- SET009 -->
  <testcase name="SET007" time="0.0" classname="com.vrt.testcases.test1">
    <ignored/>
  </testcase> <!-- SET007 -->
  <testcase name="SET029" time="0.0" classname="com.vrt.testcases.test1">
    <ignored/>
  </testcase> <!-- SET029 -->
  <testcase name="SET008" time="0.0" classname="com.vrt.testcases.test1">
    <ignored/>
  </testcase> <!-- SET008 -->
  <testcase name="SET027" time="0.0" classname="com.vrt.testcases.test1">
    <ignored/>
  </testcase> <!-- SET027 -->
  <testcase name="SET003" time="0.0" classname="com.vrt.testcases.test1">
    <ignored/>
  </testcase> <!-- SET003 -->
  <testcase name="SET004" time="0.0" classname="com.vrt.testcases.test1">
    <ignored/>
  </testcase> <!-- SET004 -->
  <testcase name="SET026" time="0.0" classname="com.vrt.testcases.test1">
    <ignored/>
  </testcase> <!-- SET026 -->
</testsuite> <!-- Default test(failed) -->
